<?xml version="1.0" encoding="UTF-8"?>
<!-- Generated by org.testng.reporters.JUnitReportReporter -->
<testsuite skipped="0" hostname="sysd-PC" name="tests.selenium.TC001_CreateIncidentAndGetFromRest" tests="1" failures="0" timestamp="16 Jun 2019 12:05:22 GMT" time="74.099" errors="0">
  <testcase name="createIncident" time="74.099" classname="tests.selenium.TC001_CreateIncidentAndGetFromRest"/>
</testsuite> <!-- tests.selenium.TC001_CreateIncidentAndGetFromRest -->
