<?xml version="1.0" encoding="UTF-8"?>
<!-- Generated by org.testng.reporters.JUnitReportReporter -->
<testsuite skipped="0" hostname="Manoj" name="tests.rest.TC001_CreateIncident" tests="1" failures="0" timestamp="04 Aug 2019 12:52:33 GMT" time="5.984" errors="0">
  <testcase name="createIncident" time="5.984" classname="tests.rest.TC001_CreateIncident"/>
</testsuite> <!-- tests.rest.TC001_CreateIncident -->
