<?xml version="1.0" encoding="UTF-8"?>
<!-- Generated by org.testng.reporters.JUnitReportReporter -->
<testsuite skipped="0" hostname="sysd-PC" name="tests.rest.TC002_DeleteFirstIncident" tests="1" failures="0" timestamp="16 Jun 2019 11:12:23 GMT" time="10.642" errors="0">
  <testcase name="createIncident" time="10.642" classname="tests.rest.TC002_DeleteFirstIncident"/>
</testsuite> <!-- tests.rest.TC002_DeleteFirstIncident -->
