<?xml version="1.0" encoding="UTF-8"?>
<!-- Generated by org.testng.reporters.JUnitReportReporter -->
<testsuite skipped="0" hostname="Manoj" name="tests.selenium.TC001_CreateIncident" tests="1" failures="0" timestamp="04 Aug 2019 12:56:00 GMT" time="108.943" errors="0">
  <testcase name="createIncident" time="108.943" classname="tests.selenium.TC001_CreateIncident"/>
</testsuite> <!-- tests.selenium.TC001_CreateIncident -->
